<?xml version="1.0" encoding="windows-1252" standalone="no"?>
<!DOCTYPE log SYSTEM "logger.dtd">
<log>
<record>
  <date>2021-11-03T15:06:02.449482100Z</date>
  <millis>1635951962449</millis>
  <nanos>482100</nanos>
  <sequence>0</sequence>
  <logger>main.VentanaInicio</logger>
  <level>INFO</level>
  <class>main.VentanaInicio$1</class>
  <method>run</method>
  <thread>27</thread>
  <message>Se ejecuta la ventana de inicio</message>
</record>
<record>
  <date>2021-11-03T15:06:11.579730400Z</date>
  <millis>1635951971579</millis>
  <nanos>730400</nanos>
  <sequence>1</sequence>
  <logger>main.VentanaInicio</logger>
  <level>INFO</level>
  <class>main.VentanaInicio$3</class>
  <method>actionPerformed</method>
  <thread>27</thread>
  <message>Conexion con la base de datos abierta</message>
</record>
<record>
  <date>2021-11-03T15:06:13.354868100Z</date>
  <millis>1635951973354</millis>
  <nanos>868100</nanos>
  <sequence>2</sequence>
  <logger>main.VentanaInicio</logger>
  <level>INFO</level>
  <class>main.VentanaInicio$3</class>
  <method>actionPerformed</method>
  <thread>27</thread>
  <message>Conexion con la base de datos cerrada</message>
</record>
<record>
  <date>2021-11-03T15:06:15.307308900Z</date>
  <millis>1635951975307</millis>
  <nanos>308900</nanos>
  <sequence>3</sequence>
  <logger>main.VentanaInicio</logger>
  <level>INFO</level>
  <class>main.VentanaInicio$3</class>
  <method>actionPerformed</method>
  <thread>27</thread>
  <message>Conexion con la base de datos abierta</message>
</record>
<record>
  <date>2021-11-03T15:06:17.049704500Z</date>
  <millis>1635951977049</millis>
  <nanos>704500</nanos>
  <sequence>4</sequence>
  <logger>main.VentanaInicio</logger>
  <level>INFO</level>
  <class>main.VentanaInicio$3</class>
  <method>actionPerformed</method>
  <thread>27</thread>
  <message>Conexion con la base de datos cerrada</message>
</record>
<record>
  <date>2021-11-03T15:06:18.747088300Z</date>
  <millis>1635951978747</millis>
  <nanos>88300</nanos>
  <sequence>5</sequence>
  <logger>main.VentanaInicio</logger>
  <level>INFO</level>
  <class>main.VentanaInicio$3</class>
  <method>actionPerformed</method>
  <thread>27</thread>
  <message>Conexion con la base de datos abierta</message>
</record>
<record>
  <date>2021-11-03T15:06:19.577279200Z</date>
  <millis>1635951979577</millis>
  <nanos>279200</nanos>
  <sequence>6</sequence>
  <logger>main.VentanaInicio</logger>
  <level>INFO</level>
  <class>main.VentanaInicio$3</class>
  <method>actionPerformed</method>
  <thread>27</thread>
  <message>Conexion con la base de datos cerrada</message>
</record>
<record>
  <date>2021-11-03T15:06:21.579731500Z</date>
  <millis>1635951981579</millis>
  <nanos>731500</nanos>
  <sequence>7</sequence>
  <logger>main.VentanaInicio</logger>
  <level>INFO</level>
  <class>main.VentanaInicio$3</class>
  <method>actionPerformed</method>
  <thread>27</thread>
  <message>Conexion con la base de datos abierta</message>
</record>
<record>
  <date>2021-11-03T15:06:22.376912800Z</date>
  <millis>1635951982376</millis>
  <nanos>912800</nanos>
  <sequence>8</sequence>
  <logger>main.VentanaInicio</logger>
  <level>INFO</level>
  <class>main.VentanaInicio$3</class>
  <method>actionPerformed</method>
  <thread>27</thread>
  <message>Conexion con la base de datos cerrada</message>
</record>
<record>
  <date>2021-11-03T15:06:23.867248600Z</date>
  <millis>1635951983867</millis>
  <nanos>248600</nanos>
  <sequence>9</sequence>
  <logger>main.VentanaInicio</logger>
  <level>INFO</level>
  <class>main.VentanaInicio$3</class>
  <method>actionPerformed</method>
  <thread>27</thread>
  <message>Conexion con la base de datos abierta</message>
</record>
<record>
  <date>2021-11-03T15:06:24.834468300Z</date>
  <millis>1635951984834</millis>
  <nanos>468300</nanos>
  <sequence>10</sequence>
  <logger>main.VentanaInicio</logger>
  <level>INFO</level>
  <class>main.VentanaInicio$3</class>
  <method>actionPerformed</method>
  <thread>27</thread>
  <message>Conexion con la base de datos cerrada</message>
</record>
<record>
  <date>2021-11-03T15:06:26.491842100Z</date>
  <millis>1635951986491</millis>
  <nanos>842100</nanos>
  <sequence>11</sequence>
  <logger>main.VentanaInicio</logger>
  <level>INFO</level>
  <class>main.VentanaInicio$3</class>
  <method>actionPerformed</method>
  <thread>27</thread>
  <message>Conexion con la base de datos abierta</message>
</record>
<record>
  <date>2021-11-03T15:06:27.841148500Z</date>
  <millis>1635951987841</millis>
  <nanos>148500</nanos>
  <sequence>12</sequence>
  <logger>main.VentanaInicio</logger>
  <level>INFO</level>
  <class>main.VentanaInicio$3</class>
  <method>actionPerformed</method>
  <thread>27</thread>
  <message>Conexion con la base de datos cerrada</message>
</record>
<record>
  <date>2021-11-03T15:06:29.491847100Z</date>
  <millis>1635951989491</millis>
  <nanos>847100</nanos>
  <sequence>13</sequence>
  <logger>main.VentanaInicio</logger>
  <level>INFO</level>
  <class>main.VentanaInicio$3</class>
  <method>actionPerformed</method>
  <thread>27</thread>
  <message>Conexion con la base de datos abierta</message>
</record>
<record>
  <date>2021-11-03T15:06:30.522082100Z</date>
  <millis>1635951990522</millis>
  <nanos>82100</nanos>
  <sequence>14</sequence>
  <logger>main.VentanaInicio</logger>
  <level>INFO</level>
  <class>main.VentanaInicio$3</class>
  <method>actionPerformed</method>
  <thread>27</thread>
  <message>Conexion con la base de datos cerrada</message>
</record>
<record>
  <date>2021-11-03T15:06:32.283478600Z</date>
  <millis>1635951992283</millis>
  <nanos>478600</nanos>
  <sequence>15</sequence>
  <logger>main.VentanaInicio</logger>
  <level>INFO</level>
  <class>main.VentanaInicio$3</class>
  <method>actionPerformed</method>
  <thread>27</thread>
  <message>Conexion con la base de datos abierta</message>
</record>
<record>
  <date>2021-11-03T15:06:33.473749800Z</date>
  <millis>1635951993473</millis>
  <nanos>749800</nanos>
  <sequence>16</sequence>
  <logger>main.VentanaInicio</logger>
  <level>INFO</level>
  <class>main.VentanaInicio$3</class>
  <method>actionPerformed</method>
  <thread>27</thread>
  <message>Conexion con la base de datos cerrada</message>
</record>
</log>
