<?xml version="1.0" encoding="windows-1252" standalone="no"?>
<!DOCTYPE log SYSTEM "logger.dtd">
<log>
<record>
  <date>2021-11-10T14:27:26.497643200Z</date>
  <millis>1636554446497</millis>
  <nanos>643200</nanos>
  <sequence>0</sequence>
  <logger>main.VentanaInicio</logger>
  <level>INFO</level>
  <class>main.VentanaInicio$1</class>
  <method>run</method>
  <thread>27</thread>
  <message>Se ejecuta la ventana de inicio</message>
</record>
<record>
  <date>2021-11-10T14:27:29.589757800Z</date>
  <millis>1636554449589</millis>
  <nanos>757800</nanos>
  <sequence>1</sequence>
  <logger>main.VentanaInicio</logger>
  <level>INFO</level>
  <class>main.VentanaInicio$2</class>
  <method>actionPerformed</method>
  <thread>27</thread>
  <message>Conexion con la base de datos abierta</message>
</record>
<record>
  <date>2021-11-10T14:27:30.990763700Z</date>
  <millis>1636554450990</millis>
  <nanos>763700</nanos>
  <sequence>2</sequence>
  <logger>main.VentanaInicio</logger>
  <level>INFO</level>
  <class>main.VentanaInicio$2</class>
  <method>actionPerformed</method>
  <thread>27</thread>
  <message>Conexion con la base de datos cerrada</message>
</record>
</log>
<?xml version="1.0" encoding="windows-1252" standalone="no"?>
<!DOCTYPE log SYSTEM "logger.dtd">
<log>
<record>
  <date>2021-11-10T14:29:35.726994800Z</date>
  <millis>1636554575726</millis>
  <nanos>994800</nanos>
  <sequence>0</sequence>
  <logger>main.VentanaInicio</logger>
  <level>INFO</level>
  <class>main.VentanaInicio$1</class>
  <method>run</method>
  <thread>27</thread>
  <message>Se ejecuta la ventana de inicio</message>
</record>
<record>
  <date>2021-11-10T14:29:38.157858700Z</date>
  <millis>1636554578157</millis>
  <nanos>858700</nanos>
  <sequence>1</sequence>
  <logger>main.VentanaInicio</logger>
  <level>INFO</level>
  <class>main.VentanaInicio$2</class>
  <method>actionPerformed</method>
  <thread>27</thread>
  <message>Conexion con la base de datos abierta</message>
</record>
<record>
  <date>2021-11-10T14:29:39.616743200Z</date>
  <millis>1636554579616</millis>
  <nanos>743200</nanos>
  <sequence>2</sequence>
  <logger>main.VentanaInicio</logger>
  <level>INFO</level>
  <class>main.VentanaInicio$2</class>
  <method>actionPerformed</method>
  <thread>27</thread>
  <message>Conexion con la base de datos cerrada</message>
</record>
</log>
<?xml version="1.0" encoding="windows-1252" standalone="no"?>
<!DOCTYPE log SYSTEM "logger.dtd">
<log>
<record>
  <date>2021-11-10T14:35:12.937972600Z</date>
  <millis>1636554912937</millis>
  <nanos>972600</nanos>
  <sequence>0</sequence>
  <logger>main.VentanaInicio</logger>
  <level>INFO</level>
  <class>main.VentanaInicio$1</class>
  <method>run</method>
  <thread>27</thread>
  <message>Se ejecuta la ventana de inicio</message>
</record>
<record>
  <date>2021-11-10T14:35:15.461713100Z</date>
  <millis>1636554915461</millis>
  <nanos>713100</nanos>
  <sequence>1</sequence>
  <logger>main.VentanaInicio</logger>
  <level>INFO</level>
  <class>main.VentanaInicio$2</class>
  <method>actionPerformed</method>
  <thread>27</thread>
  <message>Conexion con la base de datos abierta</message>
</record>
<record>
  <date>2021-11-10T14:35:16.574657Z</date>
  <millis>1636554916574</millis>
  <nanos>657000</nanos>
  <sequence>2</sequence>
  <logger>main.VentanaInicio</logger>
  <level>INFO</level>
  <class>main.VentanaInicio$2</class>
  <method>actionPerformed</method>
  <thread>27</thread>
  <message>Conexion con la base de datos cerrada</message>
</record>
</log>
<?xml version="1.0" encoding="windows-1252" standalone="no"?>
<!DOCTYPE log SYSTEM "logger.dtd">
<log>
<record>
  <date>2021-11-10T14:44:28.184539100Z</date>
  <millis>1636555468184</millis>
  <nanos>539100</nanos>
  <sequence>0</sequence>
  <logger>main.VentanaInicio</logger>
  <level>INFO</level>
  <class>main.VentanaInicio$1</class>
  <method>run</method>
  <thread>27</thread>
  <message>Se ejecuta la ventana de inicio</message>
</record>
<record>
  <date>2021-11-10T14:44:31.093012600Z</date>
  <millis>1636555471093</millis>
  <nanos>12600</nanos>
  <sequence>1</sequence>
  <logger>main.VentanaInicio</logger>
  <level>INFO</level>
  <class>main.VentanaInicio$2</class>
  <method>actionPerformed</method>
  <thread>27</thread>
  <message>Conexion con la base de datos abierta</message>
</record>
<record>
  <date>2021-11-10T14:44:31.939476Z</date>
  <millis>1636555471939</millis>
  <nanos>476000</nanos>
  <sequence>2</sequence>
  <logger>main.VentanaInicio</logger>
  <level>INFO</level>
  <class>main.VentanaInicio$2</class>
  <method>actionPerformed</method>
  <thread>27</thread>
  <message>Conexion con la base de datos cerrada</message>
</record>
</log>
<?xml version="1.0" encoding="windows-1252" standalone="no"?>
<!DOCTYPE log SYSTEM "logger.dtd">
<log>
<record>
  <date>2021-11-10T14:46:36.202522400Z</date>
  <millis>1636555596202</millis>
  <nanos>522400</nanos>
  <sequence>0</sequence>
  <logger>main.VentanaInicio</logger>
  <level>INFO</level>
  <class>main.VentanaInicio$1</class>
  <method>run</method>
  <thread>27</thread>
  <message>Se ejecuta la ventana de inicio</message>
</record>
<record>
  <date>2021-11-10T14:46:38.717435600Z</date>
  <millis>1636555598717</millis>
  <nanos>435600</nanos>
  <sequence>1</sequence>
  <logger>main.VentanaInicio</logger>
  <level>INFO</level>
  <class>main.VentanaInicio$2</class>
  <method>actionPerformed</method>
  <thread>27</thread>
  <message>Conexion con la base de datos abierta</message>
</record>
<record>
  <date>2021-11-10T14:46:39.659672700Z</date>
  <millis>1636555599659</millis>
  <nanos>672700</nanos>
  <sequence>2</sequence>
  <logger>main.VentanaInicio</logger>
  <level>INFO</level>
  <class>main.VentanaInicio$2</class>
  <method>actionPerformed</method>
  <thread>27</thread>
  <message>Conexion con la base de datos cerrada</message>
</record>
</log>
<?xml version="1.0" encoding="windows-1252" standalone="no"?>
<!DOCTYPE log SYSTEM "logger.dtd">
<log>
<record>
  <date>2021-11-10T14:49:08.571738800Z</date>
  <millis>1636555748571</millis>
  <nanos>738800</nanos>
  <sequence>0</sequence>
  <logger>main.VentanaInicio</logger>
  <level>INFO</level>
  <class>main.VentanaInicio$1</class>
  <method>run</method>
  <thread>27</thread>
  <message>Se ejecuta la ventana de inicio</message>
</record>
<record>
  <date>2021-11-10T14:49:11.788719100Z</date>
  <millis>1636555751788</millis>
  <nanos>719100</nanos>
  <sequence>1</sequence>
  <logger>main.VentanaInicio</logger>
  <level>INFO</level>
  <class>main.VentanaInicio$2</class>
  <method>actionPerformed</method>
  <thread>27</thread>
  <message>Conexion con la base de datos abierta</message>
</record>
<record>
  <date>2021-11-10T14:49:12.797330400Z</date>
  <millis>1636555752797</millis>
  <nanos>330400</nanos>
  <sequence>2</sequence>
  <logger>main.VentanaInicio</logger>
  <level>INFO</level>
  <class>main.VentanaInicio$2</class>
  <method>actionPerformed</method>
  <thread>27</thread>
  <message>Conexion con la base de datos cerrada</message>
</record>
</log>
